<?xml version="1.0" encoding="UTF-8"?>
<testng-results ignored="0" total="1" passed="1" failed="0" skipped="0">
  <reporter-output>
  </reporter-output>
  <suite started-at="2024-05-08T06:53:42 GMT-07:00" name="Suite" finished-at="2024-05-08T06:55:11 GMT-07:00" duration-ms="89098">
    <groups>
    </groups>
    <test started-at="2024-05-08T06:53:42 GMT-07:00" name="Test" finished-at="2024-05-08T06:55:11 GMT-07:00" duration-ms="89098">
      <class name="first.abc">
        <test-method signature="test()[pri:0, instance:first.abc@13e39c73]" started-at="2024-05-08T06:53:42 GMT-07:00" name="test" finished-at="2024-05-08T06:55:11 GMT-07:00" duration-ms="88868" status="PASS">
          <reporter-output>
          </reporter-output>
        </test-method> <!-- test -->
      </class> <!-- first.abc -->
    </test> <!-- Test -->
  </suite> <!-- Suite -->
</testng-results>
